::1 - - [13/Aug/2020:09:52:03 +0000] "POST /style/ HTTP/1.1" 200 186 "-" "PostmanRuntime/7.26.3"
::1 - - [13/Aug/2020:09:53:39 +0000] "POST /sizegroup/ HTTP/1.1" 200 79 "-" "PostmanRuntime/7.26.3"
::1 - - [13/Aug/2020:10:23:50 +0000] "POST /sizegroup/add HTTP/1.1" 200 188 "-" "PostmanRuntime/7.26.3"
::1 - - [13/Aug/2020:10:23:56 +0000] "POST /sizegroup/ HTTP/1.1" 200 207 "-" "PostmanRuntime/7.26.3"
::1 - - [13/Aug/2020:10:24:37 +0000] "PUT /sizegroup/update HTTP/1.1" 200 252 "-" "PostmanRuntime/7.26.3"
::1 - - [13/Aug/2020:10:24:49 +0000] "POST /sizegroup/delete HTTP/1.1" 200 84 "-" "PostmanRuntime/7.26.3"
::1 - - [13/Aug/2020:11:25:44 +0000] "OPTIONS /size/ HTTP/1.1" 204 0 "http://localhost:4200/apps/production/size" "Mozilla/5.0 (Windows NT 10.0; Win64; x64) AppleWebKit/537.36 (KHTML, like Gecko) Chrome/84.0.4147.105 Safari/537.36"
::1 - - [13/Aug/2020:11:25:45 +0000] "POST /size/ HTTP/1.1" 200 73 "http://localhost:4200/apps/production/size" "Mozilla/5.0 (Windows NT 10.0; Win64; x64) AppleWebKit/537.36 (KHTML, like Gecko) Chrome/84.0.4147.105 Safari/537.36"
::1 - - [13/Aug/2020:11:26:01 +0000] "OPTIONS /size/add HTTP/1.1" 204 0 "http://localhost:4200/apps/production/size" "Mozilla/5.0 (Windows NT 10.0; Win64; x64) AppleWebKit/537.36 (KHTML, like Gecko) Chrome/84.0.4147.105 Safari/537.36"
::1 - - [13/Aug/2020:11:26:01 +0000] "POST /size/add HTTP/1.1" 200 186 "http://localhost:4200/apps/production/size" "Mozilla/5.0 (Windows NT 10.0; Win64; x64) AppleWebKit/537.36 (KHTML, like Gecko) Chrome/84.0.4147.105 Safari/537.36"
::1 - - [13/Aug/2020:11:26:01 +0000] "OPTIONS /size/ HTTP/1.1" 204 0 "http://localhost:4200/apps/production/size" "Mozilla/5.0 (Windows NT 10.0; Win64; x64) AppleWebKit/537.36 (KHTML, like Gecko) Chrome/84.0.4147.105 Safari/537.36"
::1 - - [13/Aug/2020:11:26:01 +0000] "POST /size/ HTTP/1.1" 200 205 "http://localhost:4200/apps/production/size" "Mozilla/5.0 (Windows NT 10.0; Win64; x64) AppleWebKit/537.36 (KHTML, like Gecko) Chrome/84.0.4147.105 Safari/537.36"
::1 - - [13/Aug/2020:11:26:12 +0000] "OPTIONS /size/update HTTP/1.1" 204 0 "http://localhost:4200/apps/production/size" "Mozilla/5.0 (Windows NT 10.0; Win64; x64) AppleWebKit/537.36 (KHTML, like Gecko) Chrome/84.0.4147.105 Safari/537.36"
::1 - - [13/Aug/2020:11:26:12 +0000] "PUT /size/update HTTP/1.1" 200 247 "http://localhost:4200/apps/production/size" "Mozilla/5.0 (Windows NT 10.0; Win64; x64) AppleWebKit/537.36 (KHTML, like Gecko) Chrome/84.0.4147.105 Safari/537.36"
::1 - - [13/Aug/2020:11:26:12 +0000] "OPTIONS /size/ HTTP/1.1" 204 0 "http://localhost:4200/apps/production/size" "Mozilla/5.0 (Windows NT 10.0; Win64; x64) AppleWebKit/537.36 (KHTML, like Gecko) Chrome/84.0.4147.105 Safari/537.36"
::1 - - [13/Aug/2020:11:26:12 +0000] "POST /size/ HTTP/1.1" 200 264 "http://localhost:4200/apps/production/size" "Mozilla/5.0 (Windows NT 10.0; Win64; x64) AppleWebKit/537.36 (KHTML, like Gecko) Chrome/84.0.4147.105 Safari/537.36"
::1 - - [13/Aug/2020:11:26:18 +0000] "OPTIONS /size/add HTTP/1.1" 204 0 "http://localhost:4200/apps/production/size" "Mozilla/5.0 (Windows NT 10.0; Win64; x64) AppleWebKit/537.36 (KHTML, like Gecko) Chrome/84.0.4147.105 Safari/537.36"
::1 - - [13/Aug/2020:11:26:18 +0000] "POST /size/add HTTP/1.1" 200 188 "http://localhost:4200/apps/production/size" "Mozilla/5.0 (Windows NT 10.0; Win64; x64) AppleWebKit/537.36 (KHTML, like Gecko) Chrome/84.0.4147.105 Safari/537.36"
::1 - - [13/Aug/2020:11:26:18 +0000] "OPTIONS /size/ HTTP/1.1" 204 0 "http://localhost:4200/apps/production/size" "Mozilla/5.0 (Windows NT 10.0; Win64; x64) AppleWebKit/537.36 (KHTML, like Gecko) Chrome/84.0.4147.105 Safari/537.36"
::1 - - [13/Aug/2020:11:26:18 +0000] "POST /size/ HTTP/1.1" 200 399 "http://localhost:4200/apps/production/size" "Mozilla/5.0 (Windows NT 10.0; Win64; x64) AppleWebKit/537.36 (KHTML, like Gecko) Chrome/84.0.4147.105 Safari/537.36"
::1 - - [13/Aug/2020:11:27:09 +0000] "OPTIONS /size/update HTTP/1.1" 204 0 "http://localhost:4200/apps/production/size" "Mozilla/5.0 (Windows NT 10.0; Win64; x64) AppleWebKit/537.36 (KHTML, like Gecko) Chrome/84.0.4147.105 Safari/537.36"
::1 - - [13/Aug/2020:11:27:09 +0000] "PUT /size/update HTTP/1.1" 200 249 "http://localhost:4200/apps/production/size" "Mozilla/5.0 (Windows NT 10.0; Win64; x64) AppleWebKit/537.36 (KHTML, like Gecko) Chrome/84.0.4147.105 Safari/537.36"
::1 - - [13/Aug/2020:11:27:09 +0000] "OPTIONS /size/ HTTP/1.1" 204 0 "http://localhost:4200/apps/production/size" "Mozilla/5.0 (Windows NT 10.0; Win64; x64) AppleWebKit/537.36 (KHTML, like Gecko) Chrome/84.0.4147.105 Safari/537.36"
::1 - - [13/Aug/2020:11:27:09 +0000] "POST /size/ HTTP/1.1" 200 458 "http://localhost:4200/apps/production/size" "Mozilla/5.0 (Windows NT 10.0; Win64; x64) AppleWebKit/537.36 (KHTML, like Gecko) Chrome/84.0.4147.105 Safari/537.36"
::1 - - [13/Aug/2020:11:27:14 +0000] "PUT /size/update HTTP/1.1" 200 250 "http://localhost:4200/apps/production/size" "Mozilla/5.0 (Windows NT 10.0; Win64; x64) AppleWebKit/537.36 (KHTML, like Gecko) Chrome/84.0.4147.105 Safari/537.36"
::1 - - [13/Aug/2020:11:27:14 +0000] "POST /size/ HTTP/1.1" 200 461 "http://localhost:4200/apps/production/size" "Mozilla/5.0 (Windows NT 10.0; Win64; x64) AppleWebKit/537.36 (KHTML, like Gecko) Chrome/84.0.4147.105 Safari/537.36"
::1 - - [13/Aug/2020:11:31:37 +0000] "OPTIONS /size/ HTTP/1.1" 204 0 "http://localhost:4200/apps/production/size" "Mozilla/5.0 (Windows NT 10.0; Win64; x64) AppleWebKit/537.36 (KHTML, like Gecko) Chrome/84.0.4147.105 Safari/537.36"
::1 - - [13/Aug/2020:11:31:37 +0000] "POST /size/ HTTP/1.1" 200 461 "http://localhost:4200/apps/production/size" "Mozilla/5.0 (Windows NT 10.0; Win64; x64) AppleWebKit/537.36 (KHTML, like Gecko) Chrome/84.0.4147.105 Safari/537.36"
::1 - - [13/Aug/2020:11:35:08 +0000] "OPTIONS /size/ HTTP/1.1" 204 0 "http://localhost:4200/apps/production/size" "Mozilla/5.0 (Windows NT 10.0; Win64; x64) AppleWebKit/537.36 (KHTML, like Gecko) Chrome/84.0.4147.105 Safari/537.36"
::1 - - [13/Aug/2020:11:35:08 +0000] "POST /size/ HTTP/1.1" 200 461 "http://localhost:4200/apps/production/size" "Mozilla/5.0 (Windows NT 10.0; Win64; x64) AppleWebKit/537.36 (KHTML, like Gecko) Chrome/84.0.4147.105 Safari/537.36"
::1 - - [13/Aug/2020:11:35:37 +0000] "OPTIONS /size/add HTTP/1.1" 204 0 "http://localhost:4200/apps/production/size" "Mozilla/5.0 (Windows NT 10.0; Win64; x64) AppleWebKit/537.36 (KHTML, like Gecko) Chrome/84.0.4147.105 Safari/537.36"
::1 - - [13/Aug/2020:11:35:38 +0000] "POST /size/add HTTP/1.1" 200 186 "http://localhost:4200/apps/production/size" "Mozilla/5.0 (Windows NT 10.0; Win64; x64) AppleWebKit/537.36 (KHTML, like Gecko) Chrome/84.0.4147.105 Safari/537.36"
::1 - - [13/Aug/2020:11:35:38 +0000] "OPTIONS /size/ HTTP/1.1" 204 0 "http://localhost:4200/apps/production/size" "Mozilla/5.0 (Windows NT 10.0; Win64; x64) AppleWebKit/537.36 (KHTML, like Gecko) Chrome/84.0.4147.105 Safari/537.36"
::1 - - [13/Aug/2020:11:35:38 +0000] "POST /size/ HTTP/1.1" 200 594 "http://localhost:4200/apps/production/size" "Mozilla/5.0 (Windows NT 10.0; Win64; x64) AppleWebKit/537.36 (KHTML, like Gecko) Chrome/84.0.4147.105 Safari/537.36"
::1 - - [13/Aug/2020:11:35:42 +0000] "OPTIONS /size/delete HTTP/1.1" 204 0 "http://localhost:4200/apps/production/size" "Mozilla/5.0 (Windows NT 10.0; Win64; x64) AppleWebKit/537.36 (KHTML, like Gecko) Chrome/84.0.4147.105 Safari/537.36"
::1 - - [13/Aug/2020:11:35:42 +0000] "POST /size/delete HTTP/1.1" 200 104 "http://localhost:4200/apps/production/size" "Mozilla/5.0 (Windows NT 10.0; Win64; x64) AppleWebKit/537.36 (KHTML, like Gecko) Chrome/84.0.4147.105 Safari/537.36"
::1 - - [13/Aug/2020:11:36:45 +0000] "OPTIONS /size/ HTTP/1.1" 204 0 "http://localhost:4200/apps/production/size" "Mozilla/5.0 (Windows NT 10.0; Win64; x64) AppleWebKit/537.36 (KHTML, like Gecko) Chrome/84.0.4147.105 Safari/537.36"
::1 - - [13/Aug/2020:11:36:46 +0000] "POST /size/ HTTP/1.1" 200 594 "http://localhost:4200/apps/production/size" "Mozilla/5.0 (Windows NT 10.0; Win64; x64) AppleWebKit/537.36 (KHTML, like Gecko) Chrome/84.0.4147.105 Safari/537.36"
::1 - - [13/Aug/2020:11:36:50 +0000] "OPTIONS /size/delete HTTP/1.1" 204 0 "http://localhost:4200/apps/production/size" "Mozilla/5.0 (Windows NT 10.0; Win64; x64) AppleWebKit/537.36 (KHTML, like Gecko) Chrome/84.0.4147.105 Safari/537.36"
::1 - - [13/Aug/2020:11:36:50 +0000] "POST /size/delete HTTP/1.1" 200 78 "http://localhost:4200/apps/production/size" "Mozilla/5.0 (Windows NT 10.0; Win64; x64) AppleWebKit/537.36 (KHTML, like Gecko) Chrome/84.0.4147.105 Safari/537.36"
::1 - - [13/Aug/2020:11:36:50 +0000] "POST /size/ HTTP/1.1" 200 461 "http://localhost:4200/apps/production/size" "Mozilla/5.0 (Windows NT 10.0; Win64; x64) AppleWebKit/537.36 (KHTML, like Gecko) Chrome/84.0.4147.105 Safari/537.36"
::1 - - [13/Aug/2020:11:45:09 +0000] "OPTIONS /size/ HTTP/1.1" 204 0 "http://localhost:4200/apps/production/size" "Mozilla/5.0 (Windows NT 10.0; Win64; x64) AppleWebKit/537.36 (KHTML, like Gecko) Chrome/84.0.4147.105 Safari/537.36"
::1 - - [13/Aug/2020:11:45:09 +0000] "POST /size/ HTTP/1.1" 200 461 "http://localhost:4200/apps/production/size" "Mozilla/5.0 (Windows NT 10.0; Win64; x64) AppleWebKit/537.36 (KHTML, like Gecko) Chrome/84.0.4147.105 Safari/537.36"
::1 - - [13/Aug/2020:11:47:00 +0000] "OPTIONS /size/ HTTP/1.1" 204 0 "http://localhost:4200/apps/production/size" "Mozilla/5.0 (Windows NT 10.0; Win64; x64) AppleWebKit/537.36 (KHTML, like Gecko) Chrome/84.0.4147.105 Safari/537.36"
::1 - - [13/Aug/2020:11:47:00 +0000] "POST /size/ HTTP/1.1" 200 461 "http://localhost:4200/apps/production/size" "Mozilla/5.0 (Windows NT 10.0; Win64; x64) AppleWebKit/537.36 (KHTML, like Gecko) Chrome/84.0.4147.105 Safari/537.36"
::1 - - [13/Aug/2020:11:48:23 +0000] "OPTIONS /size/ HTTP/1.1" 204 0 "http://localhost:4200/apps/production/size" "Mozilla/5.0 (Windows NT 10.0; Win64; x64) AppleWebKit/537.36 (KHTML, like Gecko) Chrome/84.0.4147.105 Safari/537.36"
::1 - - [13/Aug/2020:11:48:24 +0000] "POST /size/ HTTP/1.1" 200 461 "http://localhost:4200/apps/production/size" "Mozilla/5.0 (Windows NT 10.0; Win64; x64) AppleWebKit/537.36 (KHTML, like Gecko) Chrome/84.0.4147.105 Safari/537.36"
::1 - - [13/Aug/2020:11:48:30 +0000] "OPTIONS /style/ HTTP/1.1" 204 0 "http://localhost:4200/apps/production/size" "Mozilla/5.0 (Windows NT 10.0; Win64; x64) AppleWebKit/537.36 (KHTML, like Gecko) Chrome/84.0.4147.105 Safari/537.36"
::1 - - [13/Aug/2020:11:48:30 +0000] "POST /style/ HTTP/1.1" 200 74 "http://localhost:4200/apps/production/size" "Mozilla/5.0 (Windows NT 10.0; Win64; x64) AppleWebKit/537.36 (KHTML, like Gecko) Chrome/84.0.4147.105 Safari/537.36"
::1 - - [13/Aug/2020:11:48:40 +0000] "OPTIONS /style/add HTTP/1.1" 204 0 "http://localhost:4200/apps/production/masterstyle" "Mozilla/5.0 (Windows NT 10.0; Win64; x64) AppleWebKit/537.36 (KHTML, like Gecko) Chrome/84.0.4147.105 Safari/537.36"
::1 - - [13/Aug/2020:11:48:41 +0000] "POST /style/add HTTP/1.1" 200 188 "http://localhost:4200/apps/production/masterstyle" "Mozilla/5.0 (Windows NT 10.0; Win64; x64) AppleWebKit/537.36 (KHTML, like Gecko) Chrome/84.0.4147.105 Safari/537.36"
::1 - - [13/Aug/2020:11:48:41 +0000] "OPTIONS /style/ HTTP/1.1" 204 0 "http://localhost:4200/apps/production/masterstyle" "Mozilla/5.0 (Windows NT 10.0; Win64; x64) AppleWebKit/537.36 (KHTML, like Gecko) Chrome/84.0.4147.105 Safari/537.36"
::1 - - [13/Aug/2020:11:48:41 +0000] "POST /style/ HTTP/1.1" 200 207 "http://localhost:4200/apps/production/masterstyle" "Mozilla/5.0 (Windows NT 10.0; Win64; x64) AppleWebKit/537.36 (KHTML, like Gecko) Chrome/84.0.4147.105 Safari/537.36"
::1 - - [13/Aug/2020:11:48:48 +0000] "OPTIONS /style/add HTTP/1.1" 204 0 "http://localhost:4200/apps/production/masterstyle" "Mozilla/5.0 (Windows NT 10.0; Win64; x64) AppleWebKit/537.36 (KHTML, like Gecko) Chrome/84.0.4147.105 Safari/537.36"
::1 - - [13/Aug/2020:11:48:48 +0000] "POST /style/add HTTP/1.1" 200 189 "http://localhost:4200/apps/production/masterstyle" "Mozilla/5.0 (Windows NT 10.0; Win64; x64) AppleWebKit/537.36 (KHTML, like Gecko) Chrome/84.0.4147.105 Safari/537.36"
::1 - - [13/Aug/2020:11:48:48 +0000] "OPTIONS /style/ HTTP/1.1" 204 0 "http://localhost:4200/apps/production/masterstyle" "Mozilla/5.0 (Windows NT 10.0; Win64; x64) AppleWebKit/537.36 (KHTML, like Gecko) Chrome/84.0.4147.105 Safari/537.36"
::1 - - [13/Aug/2020:11:48:48 +0000] "POST /style/ HTTP/1.1" 200 342 "http://localhost:4200/apps/production/masterstyle" "Mozilla/5.0 (Windows NT 10.0; Win64; x64) AppleWebKit/537.36 (KHTML, like Gecko) Chrome/84.0.4147.105 Safari/537.36"
::1 - - [13/Aug/2020:11:49:31 +0000] "OPTIONS /style/update HTTP/1.1" 204 0 "http://localhost:4200/apps/production/masterstyle" "Mozilla/5.0 (Windows NT 10.0; Win64; x64) AppleWebKit/537.36 (KHTML, like Gecko) Chrome/84.0.4147.105 Safari/537.36"
::1 - - [13/Aug/2020:11:49:31 +0000] "PUT /style/update HTTP/1.1" 200 47 "http://localhost:4200/apps/production/masterstyle" "Mozilla/5.0 (Windows NT 10.0; Win64; x64) AppleWebKit/537.36 (KHTML, like Gecko) Chrome/84.0.4147.105 Safari/537.36"
::1 - - [13/Aug/2020:11:49:48 +0000] "OPTIONS /style/update HTTP/1.1" 204 0 "http://localhost:4200/apps/production/masterstyle" "Mozilla/5.0 (Windows NT 10.0; Win64; x64) AppleWebKit/537.36 (KHTML, like Gecko) Chrome/84.0.4147.105 Safari/537.36"
::1 - - [13/Aug/2020:11:49:48 +0000] "PUT /style/update HTTP/1.1" 200 47 "http://localhost:4200/apps/production/masterstyle" "Mozilla/5.0 (Windows NT 10.0; Win64; x64) AppleWebKit/537.36 (KHTML, like Gecko) Chrome/84.0.4147.105 Safari/537.36"
::1 - - [13/Aug/2020:11:51:09 +0000] "OPTIONS /style/update HTTP/1.1" 204 0 "http://localhost:4200/apps/production/masterstyle" "Mozilla/5.0 (Windows NT 10.0; Win64; x64) AppleWebKit/537.36 (KHTML, like Gecko) Chrome/84.0.4147.105 Safari/537.36"
::1 - - [13/Aug/2020:11:51:10 +0000] "PUT /style/update HTTP/1.1" 200 47 "http://localhost:4200/apps/production/masterstyle" "Mozilla/5.0 (Windows NT 10.0; Win64; x64) AppleWebKit/537.36 (KHTML, like Gecko) Chrome/84.0.4147.105 Safari/537.36"
::1 - - [13/Aug/2020:11:51:14 +0000] "OPTIONS /style/ HTTP/1.1" 204 0 "http://localhost:4200/apps/production/masterstyle" "Mozilla/5.0 (Windows NT 10.0; Win64; x64) AppleWebKit/537.36 (KHTML, like Gecko) Chrome/84.0.4147.105 Safari/537.36"
::1 - - [13/Aug/2020:11:51:14 +0000] "POST /style/ HTTP/1.1" 200 342 "http://localhost:4200/apps/production/masterstyle" "Mozilla/5.0 (Windows NT 10.0; Win64; x64) AppleWebKit/537.36 (KHTML, like Gecko) Chrome/84.0.4147.105 Safari/537.36"
::1 - - [13/Aug/2020:11:51:24 +0000] "OPTIONS /style/update HTTP/1.1" 204 0 "http://localhost:4200/apps/production/masterstyle" "Mozilla/5.0 (Windows NT 10.0; Win64; x64) AppleWebKit/537.36 (KHTML, like Gecko) Chrome/84.0.4147.105 Safari/537.36"
::1 - - [13/Aug/2020:11:51:24 +0000] "PUT /style/update HTTP/1.1" 200 254 "http://localhost:4200/apps/production/masterstyle" "Mozilla/5.0 (Windows NT 10.0; Win64; x64) AppleWebKit/537.36 (KHTML, like Gecko) Chrome/84.0.4147.105 Safari/537.36"
::1 - - [13/Aug/2020:11:51:24 +0000] "OPTIONS /style/ HTTP/1.1" 204 0 "http://localhost:4200/apps/production/masterstyle" "Mozilla/5.0 (Windows NT 10.0; Win64; x64) AppleWebKit/537.36 (KHTML, like Gecko) Chrome/84.0.4147.105 Safari/537.36"
::1 - - [13/Aug/2020:11:51:25 +0000] "POST /style/ HTTP/1.1" 200 405 "http://localhost:4200/apps/production/masterstyle" "Mozilla/5.0 (Windows NT 10.0; Win64; x64) AppleWebKit/537.36 (KHTML, like Gecko) Chrome/84.0.4147.105 Safari/537.36"
::1 - - [13/Aug/2020:11:51:35 +0000] "OPTIONS /style/update HTTP/1.1" 204 0 "http://localhost:4200/apps/production/masterstyle" "Mozilla/5.0 (Windows NT 10.0; Win64; x64) AppleWebKit/537.36 (KHTML, like Gecko) Chrome/84.0.4147.105 Safari/537.36"
::1 - - [13/Aug/2020:11:51:35 +0000] "PUT /style/update HTTP/1.1" 200 252 "http://localhost:4200/apps/production/masterstyle" "Mozilla/5.0 (Windows NT 10.0; Win64; x64) AppleWebKit/537.36 (KHTML, like Gecko) Chrome/84.0.4147.105 Safari/537.36"
::1 - - [13/Aug/2020:11:51:35 +0000] "OPTIONS /style/ HTTP/1.1" 204 0 "http://localhost:4200/apps/production/masterstyle" "Mozilla/5.0 (Windows NT 10.0; Win64; x64) AppleWebKit/537.36 (KHTML, like Gecko) Chrome/84.0.4147.105 Safari/537.36"
::1 - - [13/Aug/2020:11:51:35 +0000] "POST /style/ HTTP/1.1" 200 403 "http://localhost:4200/apps/production/masterstyle" "Mozilla/5.0 (Windows NT 10.0; Win64; x64) AppleWebKit/537.36 (KHTML, like Gecko) Chrome/84.0.4147.105 Safari/537.36"
::1 - - [13/Aug/2020:11:51:45 +0000] "OPTIONS /style/update HTTP/1.1" 204 0 "http://localhost:4200/apps/production/masterstyle" "Mozilla/5.0 (Windows NT 10.0; Win64; x64) AppleWebKit/537.36 (KHTML, like Gecko) Chrome/84.0.4147.105 Safari/537.36"
::1 - - [13/Aug/2020:11:51:45 +0000] "PUT /style/update HTTP/1.1" 200 253 "http://localhost:4200/apps/production/masterstyle" "Mozilla/5.0 (Windows NT 10.0; Win64; x64) AppleWebKit/537.36 (KHTML, like Gecko) Chrome/84.0.4147.105 Safari/537.36"
::1 - - [13/Aug/2020:11:51:45 +0000] "OPTIONS /style/ HTTP/1.1" 204 0 "http://localhost:4200/apps/production/masterstyle" "Mozilla/5.0 (Windows NT 10.0; Win64; x64) AppleWebKit/537.36 (KHTML, like Gecko) Chrome/84.0.4147.105 Safari/537.36"
::1 - - [13/Aug/2020:11:51:45 +0000] "POST /style/ HTTP/1.1" 200 466 "http://localhost:4200/apps/production/masterstyle" "Mozilla/5.0 (Windows NT 10.0; Win64; x64) AppleWebKit/537.36 (KHTML, like Gecko) Chrome/84.0.4147.105 Safari/537.36"
::1 - - [13/Aug/2020:11:51:58 +0000] "OPTIONS /style/delete HTTP/1.1" 204 0 "http://localhost:4200/apps/production/masterstyle" "Mozilla/5.0 (Windows NT 10.0; Win64; x64) AppleWebKit/537.36 (KHTML, like Gecko) Chrome/84.0.4147.105 Safari/537.36"
::1 - - [13/Aug/2020:11:51:58 +0000] "POST /style/delete HTTP/1.1" 200 79 "http://localhost:4200/apps/production/masterstyle" "Mozilla/5.0 (Windows NT 10.0; Win64; x64) AppleWebKit/537.36 (KHTML, like Gecko) Chrome/84.0.4147.105 Safari/537.36"
::1 - - [13/Aug/2020:11:51:58 +0000] "OPTIONS /style/ HTTP/1.1" 204 0 "http://localhost:4200/apps/production/masterstyle" "Mozilla/5.0 (Windows NT 10.0; Win64; x64) AppleWebKit/537.36 (KHTML, like Gecko) Chrome/84.0.4147.105 Safari/537.36"
::1 - - [13/Aug/2020:11:51:58 +0000] "POST /style/ HTTP/1.1" 200 270 "http://localhost:4200/apps/production/masterstyle" "Mozilla/5.0 (Windows NT 10.0; Win64; x64) AppleWebKit/537.36 (KHTML, like Gecko) Chrome/84.0.4147.105 Safari/537.36"
::1 - - [13/Aug/2020:11:52:07 +0000] "OPTIONS /size/ HTTP/1.1" 204 0 "http://localhost:4200/apps/production/masterstyle" "Mozilla/5.0 (Windows NT 10.0; Win64; x64) AppleWebKit/537.36 (KHTML, like Gecko) Chrome/84.0.4147.105 Safari/537.36"
::1 - - [13/Aug/2020:11:52:07 +0000] "POST /size/ HTTP/1.1" 200 461 "http://localhost:4200/apps/production/masterstyle" "Mozilla/5.0 (Windows NT 10.0; Win64; x64) AppleWebKit/537.36 (KHTML, like Gecko) Chrome/84.0.4147.105 Safari/537.36"
::1 - - [13/Aug/2020:12:21:42 +0000] "OPTIONS /size/ HTTP/1.1" 204 0 "http://localhost:4200/apps/production/mastersizegroup" "Mozilla/5.0 (Windows NT 10.0; Win64; x64) AppleWebKit/537.36 (KHTML, like Gecko) Chrome/84.0.4147.105 Safari/537.36"
::1 - - [13/Aug/2020:12:21:42 +0000] "OPTIONS /style/ HTTP/1.1" 204 0 "http://localhost:4200/apps/production/mastersizegroup" "Mozilla/5.0 (Windows NT 10.0; Win64; x64) AppleWebKit/537.36 (KHTML, like Gecko) Chrome/84.0.4147.105 Safari/537.36"
::1 - - [13/Aug/2020:12:21:43 +0000] "POST /size/ HTTP/1.1" 200 461 "http://localhost:4200/apps/production/mastersizegroup" "Mozilla/5.0 (Windows NT 10.0; Win64; x64) AppleWebKit/537.36 (KHTML, like Gecko) Chrome/84.0.4147.105 Safari/537.36"
::1 - - [13/Aug/2020:12:21:43 +0000] "POST /style/ HTTP/1.1" 200 270 "http://localhost:4200/apps/production/mastersizegroup" "Mozilla/5.0 (Windows NT 10.0; Win64; x64) AppleWebKit/537.36 (KHTML, like Gecko) Chrome/84.0.4147.105 Safari/537.36"
::1 - - [13/Aug/2020:12:28:24 +0000] "OPTIONS /size/ HTTP/1.1" 204 0 "http://localhost:4200/apps/production/mastersizegroup" "Mozilla/5.0 (Windows NT 10.0; Win64; x64) AppleWebKit/537.36 (KHTML, like Gecko) Chrome/84.0.4147.105 Safari/537.36"
::1 - - [13/Aug/2020:12:28:24 +0000] "OPTIONS /style/ HTTP/1.1" 204 0 "http://localhost:4200/apps/production/mastersizegroup" "Mozilla/5.0 (Windows NT 10.0; Win64; x64) AppleWebKit/537.36 (KHTML, like Gecko) Chrome/84.0.4147.105 Safari/537.36"
::1 - - [13/Aug/2020:12:28:24 +0000] "POST /style/ HTTP/1.1" 200 270 "http://localhost:4200/apps/production/mastersizegroup" "Mozilla/5.0 (Windows NT 10.0; Win64; x64) AppleWebKit/537.36 (KHTML, like Gecko) Chrome/84.0.4147.105 Safari/537.36"
::1 - - [13/Aug/2020:12:28:24 +0000] "POST /size/ HTTP/1.1" 200 461 "http://localhost:4200/apps/production/mastersizegroup" "Mozilla/5.0 (Windows NT 10.0; Win64; x64) AppleWebKit/537.36 (KHTML, like Gecko) Chrome/84.0.4147.105 Safari/537.36"
::1 - - [13/Aug/2020:12:28:34 +0000] "OPTIONS /sizegroup/ HTTP/1.1" 204 0 "http://localhost:4200/apps/production/mastersizegroup" "Mozilla/5.0 (Windows NT 10.0; Win64; x64) AppleWebKit/537.36 (KHTML, like Gecko) Chrome/84.0.4147.105 Safari/537.36"
::1 - - [13/Aug/2020:12:28:34 +0000] "POST /sizegroup/ HTTP/1.1" 200 79 "http://localhost:4200/apps/production/mastersizegroup" "Mozilla/5.0 (Windows NT 10.0; Win64; x64) AppleWebKit/537.36 (KHTML, like Gecko) Chrome/84.0.4147.105 Safari/537.36"
::1 - - [13/Aug/2020:12:30:10 +0000] "OPTIONS /size/ HTTP/1.1" 204 0 "http://localhost:4200/apps/production/mastersizegroup" "Mozilla/5.0 (Windows NT 10.0; Win64; x64) AppleWebKit/537.36 (KHTML, like Gecko) Chrome/84.0.4147.105 Safari/537.36"
::1 - - [13/Aug/2020:12:30:10 +0000] "OPTIONS /style/ HTTP/1.1" 204 0 "http://localhost:4200/apps/production/mastersizegroup" "Mozilla/5.0 (Windows NT 10.0; Win64; x64) AppleWebKit/537.36 (KHTML, like Gecko) Chrome/84.0.4147.105 Safari/537.36"
::1 - - [13/Aug/2020:12:30:10 +0000] "POST /size/ HTTP/1.1" 200 461 "http://localhost:4200/apps/production/mastersizegroup" "Mozilla/5.0 (Windows NT 10.0; Win64; x64) AppleWebKit/537.36 (KHTML, like Gecko) Chrome/84.0.4147.105 Safari/537.36"
::1 - - [13/Aug/2020:12:30:11 +0000] "POST /style/ HTTP/1.1" 200 270 "http://localhost:4200/apps/production/mastersizegroup" "Mozilla/5.0 (Windows NT 10.0; Win64; x64) AppleWebKit/537.36 (KHTML, like Gecko) Chrome/84.0.4147.105 Safari/537.36"
::1 - - [13/Aug/2020:12:30:18 +0000] "OPTIONS /sizegroup/add HTTP/1.1" 204 0 "http://localhost:4200/apps/production/mastersizegroup" "Mozilla/5.0 (Windows NT 10.0; Win64; x64) AppleWebKit/537.36 (KHTML, like Gecko) Chrome/84.0.4147.105 Safari/537.36"
::1 - - [13/Aug/2020:12:30:19 +0000] "POST /sizegroup/add HTTP/1.1" 200 124 "http://localhost:4200/apps/production/mastersizegroup" "Mozilla/5.0 (Windows NT 10.0; Win64; x64) AppleWebKit/537.36 (KHTML, like Gecko) Chrome/84.0.4147.105 Safari/537.36"
::1 - - [13/Aug/2020:12:31:54 +0000] "OPTIONS /size/ HTTP/1.1" 204 0 "http://localhost:4200/apps/production/mastersizegroup" "Mozilla/5.0 (Windows NT 10.0; Win64; x64) AppleWebKit/537.36 (KHTML, like Gecko) Chrome/84.0.4147.105 Safari/537.36"
::1 - - [13/Aug/2020:12:31:54 +0000] "OPTIONS /style/ HTTP/1.1" 204 0 "http://localhost:4200/apps/production/mastersizegroup" "Mozilla/5.0 (Windows NT 10.0; Win64; x64) AppleWebKit/537.36 (KHTML, like Gecko) Chrome/84.0.4147.105 Safari/537.36"
::1 - - [13/Aug/2020:12:31:54 +0000] "POST /size/ HTTP/1.1" 200 461 "http://localhost:4200/apps/production/mastersizegroup" "Mozilla/5.0 (Windows NT 10.0; Win64; x64) AppleWebKit/537.36 (KHTML, like Gecko) Chrome/84.0.4147.105 Safari/537.36"
::1 - - [13/Aug/2020:12:31:54 +0000] "POST /style/ HTTP/1.1" 200 270 "http://localhost:4200/apps/production/mastersizegroup" "Mozilla/5.0 (Windows NT 10.0; Win64; x64) AppleWebKit/537.36 (KHTML, like Gecko) Chrome/84.0.4147.105 Safari/537.36"
::1 - - [13/Aug/2020:12:32:02 +0000] "OPTIONS /sizegroup/add HTTP/1.1" 204 0 "http://localhost:4200/apps/production/mastersizegroup" "Mozilla/5.0 (Windows NT 10.0; Win64; x64) AppleWebKit/537.36 (KHTML, like Gecko) Chrome/84.0.4147.105 Safari/537.36"
::1 - - [13/Aug/2020:12:32:02 +0000] "POST /sizegroup/add HTTP/1.1" 200 124 "http://localhost:4200/apps/production/mastersizegroup" "Mozilla/5.0 (Windows NT 10.0; Win64; x64) AppleWebKit/537.36 (KHTML, like Gecko) Chrome/84.0.4147.105 Safari/537.36"
::1 - - [13/Aug/2020:12:35:08 +0000] "OPTIONS /sizegroup/add HTTP/1.1" 204 0 "http://localhost:4200/apps/production/mastersizegroup" "Mozilla/5.0 (Windows NT 10.0; Win64; x64) AppleWebKit/537.36 (KHTML, like Gecko) Chrome/84.0.4147.105 Safari/537.36"
::1 - - [13/Aug/2020:12:35:09 +0000] "POST /sizegroup/add HTTP/1.1" 200 124 "http://localhost:4200/apps/production/mastersizegroup" "Mozilla/5.0 (Windows NT 10.0; Win64; x64) AppleWebKit/537.36 (KHTML, like Gecko) Chrome/84.0.4147.105 Safari/537.36"
::1 - - [13/Aug/2020:12:37:56 +0000] "OPTIONS /sizegroup/ HTTP/1.1" 204 0 "http://localhost:4200/apps/production/mastersizegroup" "Mozilla/5.0 (Windows NT 10.0; Win64; x64) AppleWebKit/537.36 (KHTML, like Gecko) Chrome/84.0.4147.105 Safari/537.36"
::1 - - [13/Aug/2020:12:37:56 +0000] "OPTIONS /size/ HTTP/1.1" 204 0 "http://localhost:4200/apps/production/mastersizegroup" "Mozilla/5.0 (Windows NT 10.0; Win64; x64) AppleWebKit/537.36 (KHTML, like Gecko) Chrome/84.0.4147.105 Safari/537.36"
::1 - - [13/Aug/2020:12:37:56 +0000] "OPTIONS /style/ HTTP/1.1" 204 0 "http://localhost:4200/apps/production/mastersizegroup" "Mozilla/5.0 (Windows NT 10.0; Win64; x64) AppleWebKit/537.36 (KHTML, like Gecko) Chrome/84.0.4147.105 Safari/537.36"
::1 - - [13/Aug/2020:12:37:56 +0000] "POST /style/ HTTP/1.1" 200 270 "http://localhost:4200/apps/production/mastersizegroup" "Mozilla/5.0 (Windows NT 10.0; Win64; x64) AppleWebKit/537.36 (KHTML, like Gecko) Chrome/84.0.4147.105 Safari/537.36"
::1 - - [13/Aug/2020:12:37:56 +0000] "POST /sizegroup/ HTTP/1.1" 200 79 "http://localhost:4200/apps/production/mastersizegroup" "Mozilla/5.0 (Windows NT 10.0; Win64; x64) AppleWebKit/537.36 (KHTML, like Gecko) Chrome/84.0.4147.105 Safari/537.36"
::1 - - [13/Aug/2020:12:37:56 +0000] "POST /size/ HTTP/1.1" 200 461 "http://localhost:4200/apps/production/mastersizegroup" "Mozilla/5.0 (Windows NT 10.0; Win64; x64) AppleWebKit/537.36 (KHTML, like Gecko) Chrome/84.0.4147.105 Safari/537.36"
::1 - - [13/Aug/2020:12:38:05 +0000] "OPTIONS /sizegroup/add HTTP/1.1" 204 0 "http://localhost:4200/apps/production/mastersizegroup" "Mozilla/5.0 (Windows NT 10.0; Win64; x64) AppleWebKit/537.36 (KHTML, like Gecko) Chrome/84.0.4147.105 Safari/537.36"
::1 - - [13/Aug/2020:12:38:05 +0000] "POST /sizegroup/add HTTP/1.1" 200 124 "http://localhost:4200/apps/production/mastersizegroup" "Mozilla/5.0 (Windows NT 10.0; Win64; x64) AppleWebKit/537.36 (KHTML, like Gecko) Chrome/84.0.4147.105 Safari/537.36"
::1 - - [13/Aug/2020:12:41:54 +0000] "OPTIONS /sizegroup/ HTTP/1.1" 204 0 "http://localhost:4200/apps/production/mastersizegroup" "Mozilla/5.0 (Windows NT 10.0; Win64; x64) AppleWebKit/537.36 (KHTML, like Gecko) Chrome/84.0.4147.105 Safari/537.36"
::1 - - [13/Aug/2020:12:41:54 +0000] "OPTIONS /size/ HTTP/1.1" 204 0 "http://localhost:4200/apps/production/mastersizegroup" "Mozilla/5.0 (Windows NT 10.0; Win64; x64) AppleWebKit/537.36 (KHTML, like Gecko) Chrome/84.0.4147.105 Safari/537.36"
::1 - - [13/Aug/2020:12:41:54 +0000] "POST /sizegroup/ HTTP/1.1" 200 79 "http://localhost:4200/apps/production/mastersizegroup" "Mozilla/5.0 (Windows NT 10.0; Win64; x64) AppleWebKit/537.36 (KHTML, like Gecko) Chrome/84.0.4147.105 Safari/537.36"
::1 - - [13/Aug/2020:12:41:54 +0000] "OPTIONS /style/ HTTP/1.1" 204 0 "http://localhost:4200/apps/production/mastersizegroup" "Mozilla/5.0 (Windows NT 10.0; Win64; x64) AppleWebKit/537.36 (KHTML, like Gecko) Chrome/84.0.4147.105 Safari/537.36"
::1 - - [13/Aug/2020:12:41:54 +0000] "POST /style/ HTTP/1.1" 200 270 "http://localhost:4200/apps/production/mastersizegroup" "Mozilla/5.0 (Windows NT 10.0; Win64; x64) AppleWebKit/537.36 (KHTML, like Gecko) Chrome/84.0.4147.105 Safari/537.36"
::1 - - [13/Aug/2020:12:41:54 +0000] "POST /size/ HTTP/1.1" 200 461 "http://localhost:4200/apps/production/mastersizegroup" "Mozilla/5.0 (Windows NT 10.0; Win64; x64) AppleWebKit/537.36 (KHTML, like Gecko) Chrome/84.0.4147.105 Safari/537.36"
::1 - - [13/Aug/2020:12:42:03 +0000] "OPTIONS /sizegroup/add HTTP/1.1" 204 0 "http://localhost:4200/apps/production/mastersizegroup" "Mozilla/5.0 (Windows NT 10.0; Win64; x64) AppleWebKit/537.36 (KHTML, like Gecko) Chrome/84.0.4147.105 Safari/537.36"
::1 - - [13/Aug/2020:12:42:04 +0000] "POST /sizegroup/add HTTP/1.1" 200 218 "http://localhost:4200/apps/production/mastersizegroup" "Mozilla/5.0 (Windows NT 10.0; Win64; x64) AppleWebKit/537.36 (KHTML, like Gecko) Chrome/84.0.4147.105 Safari/537.36"
::1 - - [13/Aug/2020:12:42:04 +0000] "OPTIONS /sizegroup/ HTTP/1.1" 204 0 "http://localhost:4200/apps/production/mastersizegroup" "Mozilla/5.0 (Windows NT 10.0; Win64; x64) AppleWebKit/537.36 (KHTML, like Gecko) Chrome/84.0.4147.105 Safari/537.36"
::1 - - [13/Aug/2020:12:42:04 +0000] "POST /sizegroup/ HTTP/1.1" 200 237 "http://localhost:4200/apps/production/mastersizegroup" "Mozilla/5.0 (Windows NT 10.0; Win64; x64) AppleWebKit/537.36 (KHTML, like Gecko) Chrome/84.0.4147.105 Safari/537.36"
::1 - - [13/Aug/2020:12:42:39 +0000] "OPTIONS /sizegroup/ HTTP/1.1" 204 0 "http://localhost:4200/apps/production/mastersizegroup" "Mozilla/5.0 (Windows NT 10.0; Win64; x64) AppleWebKit/537.36 (KHTML, like Gecko) Chrome/84.0.4147.105 Safari/537.36"
::1 - - [13/Aug/2020:12:42:39 +0000] "OPTIONS /size/ HTTP/1.1" 204 0 "http://localhost:4200/apps/production/mastersizegroup" "Mozilla/5.0 (Windows NT 10.0; Win64; x64) AppleWebKit/537.36 (KHTML, like Gecko) Chrome/84.0.4147.105 Safari/537.36"
::1 - - [13/Aug/2020:12:42:39 +0000] "POST /sizegroup/ HTTP/1.1" 200 237 "http://localhost:4200/apps/production/mastersizegroup" "Mozilla/5.0 (Windows NT 10.0; Win64; x64) AppleWebKit/537.36 (KHTML, like Gecko) Chrome/84.0.4147.105 Safari/537.36"
::1 - - [13/Aug/2020:12:42:39 +0000] "OPTIONS /style/ HTTP/1.1" 204 0 "http://localhost:4200/apps/production/mastersizegroup" "Mozilla/5.0 (Windows NT 10.0; Win64; x64) AppleWebKit/537.36 (KHTML, like Gecko) Chrome/84.0.4147.105 Safari/537.36"
::1 - - [13/Aug/2020:12:42:39 +0000] "POST /size/ HTTP/1.1" 200 461 "http://localhost:4200/apps/production/mastersizegroup" "Mozilla/5.0 (Windows NT 10.0; Win64; x64) AppleWebKit/537.36 (KHTML, like Gecko) Chrome/84.0.4147.105 Safari/537.36"
::1 - - [13/Aug/2020:12:42:39 +0000] "POST /style/ HTTP/1.1" 200 270 "http://localhost:4200/apps/production/mastersizegroup" "Mozilla/5.0 (Windows NT 10.0; Win64; x64) AppleWebKit/537.36 (KHTML, like Gecko) Chrome/84.0.4147.105 Safari/537.36"
::1 - - [13/Aug/2020:12:43:13 +0000] "OPTIONS /sizegroup/add HTTP/1.1" 204 0 "http://localhost:4200/apps/production/mastersizegroup" "Mozilla/5.0 (Windows NT 10.0; Win64; x64) AppleWebKit/537.36 (KHTML, like Gecko) Chrome/84.0.4147.105 Safari/537.36"
::1 - - [13/Aug/2020:12:43:13 +0000] "POST /sizegroup/add HTTP/1.1" 200 212 "http://localhost:4200/apps/production/mastersizegroup" "Mozilla/5.0 (Windows NT 10.0; Win64; x64) AppleWebKit/537.36 (KHTML, like Gecko) Chrome/84.0.4147.105 Safari/537.36"
::1 - - [13/Aug/2020:12:43:13 +0000] "OPTIONS /sizegroup/ HTTP/1.1" 204 0 "http://localhost:4200/apps/production/mastersizegroup" "Mozilla/5.0 (Windows NT 10.0; Win64; x64) AppleWebKit/537.36 (KHTML, like Gecko) Chrome/84.0.4147.105 Safari/537.36"
::1 - - [13/Aug/2020:12:43:13 +0000] "POST /sizegroup/ HTTP/1.1" 200 390 "http://localhost:4200/apps/production/mastersizegroup" "Mozilla/5.0 (Windows NT 10.0; Win64; x64) AppleWebKit/537.36 (KHTML, like Gecko) Chrome/84.0.4147.105 Safari/537.36"
::1 - - [13/Aug/2020:12:43:48 +0000] "OPTIONS /sizegroup/ HTTP/1.1" 204 0 "http://localhost:4200/apps/production/mastersizegroup" "Mozilla/5.0 (Windows NT 10.0; Win64; x64) AppleWebKit/537.36 (KHTML, like Gecko) Chrome/84.0.4147.105 Safari/537.36"
::1 - - [13/Aug/2020:12:43:48 +0000] "OPTIONS /size/ HTTP/1.1" 204 0 "http://localhost:4200/apps/production/mastersizegroup" "Mozilla/5.0 (Windows NT 10.0; Win64; x64) AppleWebKit/537.36 (KHTML, like Gecko) Chrome/84.0.4147.105 Safari/537.36"
::1 - - [13/Aug/2020:12:43:48 +0000] "POST /sizegroup/ HTTP/1.1" 200 390 "http://localhost:4200/apps/production/mastersizegroup" "Mozilla/5.0 (Windows NT 10.0; Win64; x64) AppleWebKit/537.36 (KHTML, like Gecko) Chrome/84.0.4147.105 Safari/537.36"
::1 - - [13/Aug/2020:12:43:48 +0000] "OPTIONS /style/ HTTP/1.1" 204 0 "http://localhost:4200/apps/production/mastersizegroup" "Mozilla/5.0 (Windows NT 10.0; Win64; x64) AppleWebKit/537.36 (KHTML, like Gecko) Chrome/84.0.4147.105 Safari/537.36"
::1 - - [13/Aug/2020:12:43:48 +0000] "POST /size/ HTTP/1.1" 200 461 "http://localhost:4200/apps/production/mastersizegroup" "Mozilla/5.0 (Windows NT 10.0; Win64; x64) AppleWebKit/537.36 (KHTML, like Gecko) Chrome/84.0.4147.105 Safari/537.36"
::1 - - [13/Aug/2020:12:43:48 +0000] "POST /style/ HTTP/1.1" 200 270 "http://localhost:4200/apps/production/mastersizegroup" "Mozilla/5.0 (Windows NT 10.0; Win64; x64) AppleWebKit/537.36 (KHTML, like Gecko) Chrome/84.0.4147.105 Safari/537.36"
::1 - - [13/Aug/2020:12:48:09 +0000] "OPTIONS /sizegroup/ HTTP/1.1" 204 0 "http://localhost:4200/apps/production/mastersizegroup" "Mozilla/5.0 (Windows NT 10.0; Win64; x64) AppleWebKit/537.36 (KHTML, like Gecko) Chrome/84.0.4147.105 Safari/537.36"
::1 - - [13/Aug/2020:12:48:09 +0000] "POST /sizegroup/ HTTP/1.1" 200 390 "http://localhost:4200/apps/production/mastersizegroup" "Mozilla/5.0 (Windows NT 10.0; Win64; x64) AppleWebKit/537.36 (KHTML, like Gecko) Chrome/84.0.4147.105 Safari/537.36"
::1 - - [13/Aug/2020:12:48:09 +0000] "OPTIONS /size/ HTTP/1.1" 204 0 "http://localhost:4200/apps/production/mastersizegroup" "Mozilla/5.0 (Windows NT 10.0; Win64; x64) AppleWebKit/537.36 (KHTML, like Gecko) Chrome/84.0.4147.105 Safari/537.36"
::1 - - [13/Aug/2020:12:48:09 +0000] "OPTIONS /style/ HTTP/1.1" 204 0 "http://localhost:4200/apps/production/mastersizegroup" "Mozilla/5.0 (Windows NT 10.0; Win64; x64) AppleWebKit/537.36 (KHTML, like Gecko) Chrome/84.0.4147.105 Safari/537.36"
::1 - - [13/Aug/2020:12:48:09 +0000] "POST /size/ HTTP/1.1" 200 461 "http://localhost:4200/apps/production/mastersizegroup" "Mozilla/5.0 (Windows NT 10.0; Win64; x64) AppleWebKit/537.36 (KHTML, like Gecko) Chrome/84.0.4147.105 Safari/537.36"
::1 - - [13/Aug/2020:12:48:09 +0000] "POST /style/ HTTP/1.1" 200 270 "http://localhost:4200/apps/production/mastersizegroup" "Mozilla/5.0 (Windows NT 10.0; Win64; x64) AppleWebKit/537.36 (KHTML, like Gecko) Chrome/84.0.4147.105 Safari/537.36"
::1 - - [13/Aug/2020:12:50:31 +0000] "OPTIONS /sizegroup/ HTTP/1.1" 204 0 "http://localhost:4200/apps/production/mastersizegroup" "Mozilla/5.0 (Windows NT 10.0; Win64; x64) AppleWebKit/537.36 (KHTML, like Gecko) Chrome/84.0.4147.105 Safari/537.36"
::1 - - [13/Aug/2020:12:50:31 +0000] "POST /sizegroup/ HTTP/1.1" 200 390 "http://localhost:4200/apps/production/mastersizegroup" "Mozilla/5.0 (Windows NT 10.0; Win64; x64) AppleWebKit/537.36 (KHTML, like Gecko) Chrome/84.0.4147.105 Safari/537.36"
::1 - - [13/Aug/2020:12:50:31 +0000] "OPTIONS /size/ HTTP/1.1" 204 0 "http://localhost:4200/apps/production/mastersizegroup" "Mozilla/5.0 (Windows NT 10.0; Win64; x64) AppleWebKit/537.36 (KHTML, like Gecko) Chrome/84.0.4147.105 Safari/537.36"
::1 - - [13/Aug/2020:12:50:31 +0000] "OPTIONS /style/ HTTP/1.1" 204 0 "http://localhost:4200/apps/production/mastersizegroup" "Mozilla/5.0 (Windows NT 10.0; Win64; x64) AppleWebKit/537.36 (KHTML, like Gecko) Chrome/84.0.4147.105 Safari/537.36"
::1 - - [13/Aug/2020:12:50:31 +0000] "POST /size/ HTTP/1.1" 200 461 "http://localhost:4200/apps/production/mastersizegroup" "Mozilla/5.0 (Windows NT 10.0; Win64; x64) AppleWebKit/537.36 (KHTML, like Gecko) Chrome/84.0.4147.105 Safari/537.36"
::1 - - [13/Aug/2020:12:50:31 +0000] "POST /style/ HTTP/1.1" 200 270 "http://localhost:4200/apps/production/mastersizegroup" "Mozilla/5.0 (Windows NT 10.0; Win64; x64) AppleWebKit/537.36 (KHTML, like Gecko) Chrome/84.0.4147.105 Safari/537.36"
::1 - - [13/Aug/2020:12:50:37 +0000] "OPTIONS /sizegroup/delete HTTP/1.1" 204 0 "http://localhost:4200/apps/production/mastersizegroup" "Mozilla/5.0 (Windows NT 10.0; Win64; x64) AppleWebKit/537.36 (KHTML, like Gecko) Chrome/84.0.4147.105 Safari/537.36"
::1 - - [13/Aug/2020:12:50:37 +0000] "POST /sizegroup/delete HTTP/1.1" 200 84 "http://localhost:4200/apps/production/mastersizegroup" "Mozilla/5.0 (Windows NT 10.0; Win64; x64) AppleWebKit/537.36 (KHTML, like Gecko) Chrome/84.0.4147.105 Safari/537.36"
::1 - - [13/Aug/2020:12:50:37 +0000] "OPTIONS /sizegroup/ HTTP/1.1" 204 0 "http://localhost:4200/apps/production/mastersizegroup" "Mozilla/5.0 (Windows NT 10.0; Win64; x64) AppleWebKit/537.36 (KHTML, like Gecko) Chrome/84.0.4147.105 Safari/537.36"
::1 - - [13/Aug/2020:12:50:37 +0000] "POST /sizegroup/ HTTP/1.1" 200 390 "http://localhost:4200/apps/production/mastersizegroup" "Mozilla/5.0 (Windows NT 10.0; Win64; x64) AppleWebKit/537.36 (KHTML, like Gecko) Chrome/84.0.4147.105 Safari/537.36"
::1 - - [13/Aug/2020:12:50:49 +0000] "OPTIONS /sizegroup/delete HTTP/1.1" 204 0 "http://localhost:4200/apps/production/mastersizegroup" "Mozilla/5.0 (Windows NT 10.0; Win64; x64) AppleWebKit/537.36 (KHTML, like Gecko) Chrome/84.0.4147.105 Safari/537.36"
::1 - - [13/Aug/2020:12:50:49 +0000] "POST /sizegroup/delete HTTP/1.1" 200 84 "http://localhost:4200/apps/production/mastersizegroup" "Mozilla/5.0 (Windows NT 10.0; Win64; x64) AppleWebKit/537.36 (KHTML, like Gecko) Chrome/84.0.4147.105 Safari/537.36"
::1 - - [13/Aug/2020:12:50:49 +0000] "OPTIONS /sizegroup/ HTTP/1.1" 204 0 "http://localhost:4200/apps/production/mastersizegroup" "Mozilla/5.0 (Windows NT 10.0; Win64; x64) AppleWebKit/537.36 (KHTML, like Gecko) Chrome/84.0.4147.105 Safari/537.36"
::1 - - [13/Aug/2020:12:50:49 +0000] "POST /sizegroup/ HTTP/1.1" 200 390 "http://localhost:4200/apps/production/mastersizegroup" "Mozilla/5.0 (Windows NT 10.0; Win64; x64) AppleWebKit/537.36 (KHTML, like Gecko) Chrome/84.0.4147.105 Safari/537.36"
::1 - - [13/Aug/2020:12:52:32 +0000] "OPTIONS /sizegroup/ HTTP/1.1" 204 0 "http://localhost:4200/apps/production/mastersizegroup" "Mozilla/5.0 (Windows NT 10.0; Win64; x64) AppleWebKit/537.36 (KHTML, like Gecko) Chrome/84.0.4147.105 Safari/537.36"
::1 - - [13/Aug/2020:12:52:32 +0000] "OPTIONS /size/ HTTP/1.1" 204 0 "http://localhost:4200/apps/production/mastersizegroup" "Mozilla/5.0 (Windows NT 10.0; Win64; x64) AppleWebKit/537.36 (KHTML, like Gecko) Chrome/84.0.4147.105 Safari/537.36"
::1 - - [13/Aug/2020:12:52:32 +0000] "OPTIONS /style/ HTTP/1.1" 204 0 "http://localhost:4200/apps/production/mastersizegroup" "Mozilla/5.0 (Windows NT 10.0; Win64; x64) AppleWebKit/537.36 (KHTML, like Gecko) Chrome/84.0.4147.105 Safari/537.36"
::1 - - [13/Aug/2020:12:52:33 +0000] "POST /sizegroup/ HTTP/1.1" 200 390 "http://localhost:4200/apps/production/mastersizegroup" "Mozilla/5.0 (Windows NT 10.0; Win64; x64) AppleWebKit/537.36 (KHTML, like Gecko) Chrome/84.0.4147.105 Safari/537.36"
::1 - - [13/Aug/2020:12:52:33 +0000] "POST /size/ HTTP/1.1" 200 461 "http://localhost:4200/apps/production/mastersizegroup" "Mozilla/5.0 (Windows NT 10.0; Win64; x64) AppleWebKit/537.36 (KHTML, like Gecko) Chrome/84.0.4147.105 Safari/537.36"
::1 - - [13/Aug/2020:12:52:33 +0000] "POST /style/ HTTP/1.1" 200 270 "http://localhost:4200/apps/production/mastersizegroup" "Mozilla/5.0 (Windows NT 10.0; Win64; x64) AppleWebKit/537.36 (KHTML, like Gecko) Chrome/84.0.4147.105 Safari/537.36"
::1 - - [13/Aug/2020:12:52:39 +0000] "OPTIONS /sizegroup/delete HTTP/1.1" 204 0 "http://localhost:4200/apps/production/mastersizegroup" "Mozilla/5.0 (Windows NT 10.0; Win64; x64) AppleWebKit/537.36 (KHTML, like Gecko) Chrome/84.0.4147.105 Safari/537.36"
::1 - - [13/Aug/2020:12:52:39 +0000] "POST /sizegroup/delete HTTP/1.1" 200 84 "http://localhost:4200/apps/production/mastersizegroup" "Mozilla/5.0 (Windows NT 10.0; Win64; x64) AppleWebKit/537.36 (KHTML, like Gecko) Chrome/84.0.4147.105 Safari/537.36"
::1 - - [13/Aug/2020:12:52:39 +0000] "OPTIONS /sizegroup/ HTTP/1.1" 204 0 "http://localhost:4200/apps/production/mastersizegroup" "Mozilla/5.0 (Windows NT 10.0; Win64; x64) AppleWebKit/537.36 (KHTML, like Gecko) Chrome/84.0.4147.105 Safari/537.36"
::1 - - [13/Aug/2020:12:52:39 +0000] "POST /sizegroup/ HTTP/1.1" 200 231 "http://localhost:4200/apps/production/mastersizegroup" "Mozilla/5.0 (Windows NT 10.0; Win64; x64) AppleWebKit/537.36 (KHTML, like Gecko) Chrome/84.0.4147.105 Safari/537.36"
::1 - - [13/Aug/2020:12:57:51 +0000] "OPTIONS /sizegroup/ HTTP/1.1" 204 0 "http://localhost:4200/apps/production/mastersizegroup" "Mozilla/5.0 (Windows NT 10.0; Win64; x64) AppleWebKit/537.36 (KHTML, like Gecko) Chrome/84.0.4147.105 Safari/537.36"
::1 - - [13/Aug/2020:12:57:51 +0000] "OPTIONS /size/ HTTP/1.1" 204 0 "http://localhost:4200/apps/production/mastersizegroup" "Mozilla/5.0 (Windows NT 10.0; Win64; x64) AppleWebKit/537.36 (KHTML, like Gecko) Chrome/84.0.4147.105 Safari/537.36"
::1 - - [13/Aug/2020:12:57:51 +0000] "POST /sizegroup/ HTTP/1.1" 200 231 "http://localhost:4200/apps/production/mastersizegroup" "Mozilla/5.0 (Windows NT 10.0; Win64; x64) AppleWebKit/537.36 (KHTML, like Gecko) Chrome/84.0.4147.105 Safari/537.36"
::1 - - [13/Aug/2020:12:57:51 +0000] "OPTIONS /style/ HTTP/1.1" 204 0 "http://localhost:4200/apps/production/mastersizegroup" "Mozilla/5.0 (Windows NT 10.0; Win64; x64) AppleWebKit/537.36 (KHTML, like Gecko) Chrome/84.0.4147.105 Safari/537.36"
::1 - - [13/Aug/2020:12:57:51 +0000] "POST /size/ HTTP/1.1" 200 461 "http://localhost:4200/apps/production/mastersizegroup" "Mozilla/5.0 (Windows NT 10.0; Win64; x64) AppleWebKit/537.36 (KHTML, like Gecko) Chrome/84.0.4147.105 Safari/537.36"
::1 - - [13/Aug/2020:12:57:52 +0000] "POST /style/ HTTP/1.1" 200 270 "http://localhost:4200/apps/production/mastersizegroup" "Mozilla/5.0 (Windows NT 10.0; Win64; x64) AppleWebKit/537.36 (KHTML, like Gecko) Chrome/84.0.4147.105 Safari/537.36"
::1 - - [13/Aug/2020:13:04:06 +0000] "OPTIONS /fabric/ HTTP/1.1" 204 0 "http://localhost:4200/apps/production/mastersizegroup" "Mozilla/5.0 (Windows NT 10.0; Win64; x64) AppleWebKit/537.36 (KHTML, like Gecko) Chrome/84.0.4147.105 Safari/537.36"
::1 - - [13/Aug/2020:13:04:07 +0000] "POST /fabric/ HTTP/1.1" 200 75 "http://localhost:4200/apps/production/mastersizegroup" "Mozilla/5.0 (Windows NT 10.0; Win64; x64) AppleWebKit/537.36 (KHTML, like Gecko) Chrome/84.0.4147.105 Safari/537.36"
::1 - - [13/Aug/2020:13:04:16 +0000] "OPTIONS /fabric/add HTTP/1.1" 204 0 "http://localhost:4200/apps/production/fabric" "Mozilla/5.0 (Windows NT 10.0; Win64; x64) AppleWebKit/537.36 (KHTML, like Gecko) Chrome/84.0.4147.105 Safari/537.36"
::1 - - [13/Aug/2020:13:04:17 +0000] "POST /fabric/add HTTP/1.1" 200 190 "http://localhost:4200/apps/production/fabric" "Mozilla/5.0 (Windows NT 10.0; Win64; x64) AppleWebKit/537.36 (KHTML, like Gecko) Chrome/84.0.4147.105 Safari/537.36"
::1 - - [13/Aug/2020:13:04:17 +0000] "OPTIONS /fabric/ HTTP/1.1" 204 0 "http://localhost:4200/apps/production/fabric" "Mozilla/5.0 (Windows NT 10.0; Win64; x64) AppleWebKit/537.36 (KHTML, like Gecko) Chrome/84.0.4147.105 Safari/537.36"
::1 - - [13/Aug/2020:13:04:17 +0000] "POST /fabric/ HTTP/1.1" 200 209 "http://localhost:4200/apps/production/fabric" "Mozilla/5.0 (Windows NT 10.0; Win64; x64) AppleWebKit/537.36 (KHTML, like Gecko) Chrome/84.0.4147.105 Safari/537.36"
::1 - - [13/Aug/2020:13:04:44 +0000] "OPTIONS /fabric/update HTTP/1.1" 204 0 "http://localhost:4200/apps/production/fabric" "Mozilla/5.0 (Windows NT 10.0; Win64; x64) AppleWebKit/537.36 (KHTML, like Gecko) Chrome/84.0.4147.105 Safari/537.36"
::1 - - [13/Aug/2020:13:04:44 +0000] "PUT /fabric/update HTTP/1.1" 200 252 "http://localhost:4200/apps/production/fabric" "Mozilla/5.0 (Windows NT 10.0; Win64; x64) AppleWebKit/537.36 (KHTML, like Gecko) Chrome/84.0.4147.105 Safari/537.36"
::1 - - [13/Aug/2020:13:04:44 +0000] "OPTIONS /fabric/ HTTP/1.1" 204 0 "http://localhost:4200/apps/production/fabric" "Mozilla/5.0 (Windows NT 10.0; Win64; x64) AppleWebKit/537.36 (KHTML, like Gecko) Chrome/84.0.4147.105 Safari/537.36"
::1 - - [13/Aug/2020:13:04:44 +0000] "POST /fabric/ HTTP/1.1" 200 269 "http://localhost:4200/apps/production/fabric" "Mozilla/5.0 (Windows NT 10.0; Win64; x64) AppleWebKit/537.36 (KHTML, like Gecko) Chrome/84.0.4147.105 Safari/537.36"
::1 - - [13/Aug/2020:13:04:57 +0000] "OPTIONS /fabric/delete HTTP/1.1" 204 0 "http://localhost:4200/apps/production/fabric" "Mozilla/5.0 (Windows NT 10.0; Win64; x64) AppleWebKit/537.36 (KHTML, like Gecko) Chrome/84.0.4147.105 Safari/537.36"
::1 - - [13/Aug/2020:13:04:57 +0000] "POST /fabric/delete HTTP/1.1" 200 80 "http://localhost:4200/apps/production/fabric" "Mozilla/5.0 (Windows NT 10.0; Win64; x64) AppleWebKit/537.36 (KHTML, like Gecko) Chrome/84.0.4147.105 Safari/537.36"
::1 - - [13/Aug/2020:13:04:57 +0000] "OPTIONS /fabric/ HTTP/1.1" 204 0 "http://localhost:4200/apps/production/fabric" "Mozilla/5.0 (Windows NT 10.0; Win64; x64) AppleWebKit/537.36 (KHTML, like Gecko) Chrome/84.0.4147.105 Safari/537.36"
::1 - - [13/Aug/2020:13:04:57 +0000] "POST /fabric/ HTTP/1.1" 200 75 "http://localhost:4200/apps/production/fabric" "Mozilla/5.0 (Windows NT 10.0; Win64; x64) AppleWebKit/537.36 (KHTML, like Gecko) Chrome/84.0.4147.105 Safari/537.36"
::1 - - [13/Aug/2020:13:05:05 +0000] "OPTIONS /color/ HTTP/1.1" 204 0 "http://localhost:4200/apps/production/fabric" "Mozilla/5.0 (Windows NT 10.0; Win64; x64) AppleWebKit/537.36 (KHTML, like Gecko) Chrome/84.0.4147.105 Safari/537.36"
::1 - - [13/Aug/2020:13:05:05 +0000] "POST /color/ HTTP/1.1" 200 74 "http://localhost:4200/apps/production/fabric" "Mozilla/5.0 (Windows NT 10.0; Win64; x64) AppleWebKit/537.36 (KHTML, like Gecko) Chrome/84.0.4147.105 Safari/537.36"
::1 - - [13/Aug/2020:13:05:08 +0000] "OPTIONS /color/add HTTP/1.1" 204 0 "http://localhost:4200/apps/production/colour" "Mozilla/5.0 (Windows NT 10.0; Win64; x64) AppleWebKit/537.36 (KHTML, like Gecko) Chrome/84.0.4147.105 Safari/537.36"
::1 - - [13/Aug/2020:13:05:08 +0000] "POST /color/add HTTP/1.1" 200 190 "http://localhost:4200/apps/production/colour" "Mozilla/5.0 (Windows NT 10.0; Win64; x64) AppleWebKit/537.36 (KHTML, like Gecko) Chrome/84.0.4147.105 Safari/537.36"
::1 - - [13/Aug/2020:13:05:08 +0000] "POST /color/ HTTP/1.1" 200 209 "http://localhost:4200/apps/production/colour" "Mozilla/5.0 (Windows NT 10.0; Win64; x64) AppleWebKit/537.36 (KHTML, like Gecko) Chrome/84.0.4147.105 Safari/537.36"
::1 - - [13/Aug/2020:13:05:27 +0000] "OPTIONS /color/update HTTP/1.1" 204 0 "http://localhost:4200/apps/production/colour" "Mozilla/5.0 (Windows NT 10.0; Win64; x64) AppleWebKit/537.36 (KHTML, like Gecko) Chrome/84.0.4147.105 Safari/537.36"
::1 - - [13/Aug/2020:13:05:27 +0000] "PUT /color/update HTTP/1.1" 200 249 "http://localhost:4200/apps/production/colour" "Mozilla/5.0 (Windows NT 10.0; Win64; x64) AppleWebKit/537.36 (KHTML, like Gecko) Chrome/84.0.4147.105 Safari/537.36"
::1 - - [13/Aug/2020:13:05:27 +0000] "OPTIONS /color/ HTTP/1.1" 204 0 "http://localhost:4200/apps/production/colour" "Mozilla/5.0 (Windows NT 10.0; Win64; x64) AppleWebKit/537.36 (KHTML, like Gecko) Chrome/84.0.4147.105 Safari/537.36"
::1 - - [13/Aug/2020:13:05:27 +0000] "POST /color/ HTTP/1.1" 200 266 "http://localhost:4200/apps/production/colour" "Mozilla/5.0 (Windows NT 10.0; Win64; x64) AppleWebKit/537.36 (KHTML, like Gecko) Chrome/84.0.4147.105 Safari/537.36"
::1 - - [13/Aug/2020:13:05:35 +0000] "OPTIONS /color/delete HTTP/1.1" 204 0 "http://localhost:4200/apps/production/colour" "Mozilla/5.0 (Windows NT 10.0; Win64; x64) AppleWebKit/537.36 (KHTML, like Gecko) Chrome/84.0.4147.105 Safari/537.36"
::1 - - [13/Aug/2020:13:05:35 +0000] "POST /color/delete HTTP/1.1" 200 79 "http://localhost:4200/apps/production/colour" "Mozilla/5.0 (Windows NT 10.0; Win64; x64) AppleWebKit/537.36 (KHTML, like Gecko) Chrome/84.0.4147.105 Safari/537.36"
::1 - - [13/Aug/2020:13:05:35 +0000] "OPTIONS /color/ HTTP/1.1" 204 0 "http://localhost:4200/apps/production/colour" "Mozilla/5.0 (Windows NT 10.0; Win64; x64) AppleWebKit/537.36 (KHTML, like Gecko) Chrome/84.0.4147.105 Safari/537.36"
::1 - - [13/Aug/2020:13:05:35 +0000] "POST /color/ HTTP/1.1" 200 74 "http://localhost:4200/apps/production/colour" "Mozilla/5.0 (Windows NT 10.0; Win64; x64) AppleWebKit/537.36 (KHTML, like Gecko) Chrome/84.0.4147.105 Safari/537.36"
::1 - - [13/Aug/2020:13:05:41 +0000] "OPTIONS /dia/ HTTP/1.1" 204 0 "http://localhost:4200/apps/production/colour" "Mozilla/5.0 (Windows NT 10.0; Win64; x64) AppleWebKit/537.36 (KHTML, like Gecko) Chrome/84.0.4147.105 Safari/537.36"
::1 - - [13/Aug/2020:13:05:41 +0000] "POST /dia/ HTTP/1.1" 200 72 "http://localhost:4200/apps/production/colour" "Mozilla/5.0 (Windows NT 10.0; Win64; x64) AppleWebKit/537.36 (KHTML, like Gecko) Chrome/84.0.4147.105 Safari/537.36"
::1 - - [13/Aug/2020:13:05:45 +0000] "OPTIONS /dia/add HTTP/1.1" 204 0 "http://localhost:4200/apps/production/dia" "Mozilla/5.0 (Windows NT 10.0; Win64; x64) AppleWebKit/537.36 (KHTML, like Gecko) Chrome/84.0.4147.105 Safari/537.36"
::1 - - [13/Aug/2020:13:05:45 +0000] "POST /dia/add HTTP/1.1" 200 182 "http://localhost:4200/apps/production/dia" "Mozilla/5.0 (Windows NT 10.0; Win64; x64) AppleWebKit/537.36 (KHTML, like Gecko) Chrome/84.0.4147.105 Safari/537.36"
::1 - - [13/Aug/2020:13:05:45 +0000] "POST /dia/ HTTP/1.1" 200 201 "http://localhost:4200/apps/production/dia" "Mozilla/5.0 (Windows NT 10.0; Win64; x64) AppleWebKit/537.36 (KHTML, like Gecko) Chrome/84.0.4147.105 Safari/537.36"
::1 - - [13/Aug/2020:13:06:00 +0000] "OPTIONS /dia/update HTTP/1.1" 204 0 "http://localhost:4200/apps/production/dia" "Mozilla/5.0 (Windows NT 10.0; Win64; x64) AppleWebKit/537.36 (KHTML, like Gecko) Chrome/84.0.4147.105 Safari/537.36"
::1 - - [13/Aug/2020:13:06:00 +0000] "PUT /dia/update HTTP/1.1" 200 243 "http://localhost:4200/apps/production/dia" "Mozilla/5.0 (Windows NT 10.0; Win64; x64) AppleWebKit/537.36 (KHTML, like Gecko) Chrome/84.0.4147.105 Safari/537.36"
::1 - - [13/Aug/2020:13:06:00 +0000] "OPTIONS /dia/ HTTP/1.1" 204 0 "http://localhost:4200/apps/production/dia" "Mozilla/5.0 (Windows NT 10.0; Win64; x64) AppleWebKit/537.36 (KHTML, like Gecko) Chrome/84.0.4147.105 Safari/537.36"
::1 - - [13/Aug/2020:13:06:00 +0000] "POST /dia/ HTTP/1.1" 200 260 "http://localhost:4200/apps/production/dia" "Mozilla/5.0 (Windows NT 10.0; Win64; x64) AppleWebKit/537.36 (KHTML, like Gecko) Chrome/84.0.4147.105 Safari/537.36"
::1 - - [13/Aug/2020:13:06:09 +0000] "OPTIONS /dia/delete HTTP/1.1" 204 0 "http://localhost:4200/apps/production/dia" "Mozilla/5.0 (Windows NT 10.0; Win64; x64) AppleWebKit/537.36 (KHTML, like Gecko) Chrome/84.0.4147.105 Safari/537.36"
::1 - - [13/Aug/2020:13:06:09 +0000] "POST /dia/delete HTTP/1.1" 200 77 "http://localhost:4200/apps/production/dia" "Mozilla/5.0 (Windows NT 10.0; Win64; x64) AppleWebKit/537.36 (KHTML, like Gecko) Chrome/84.0.4147.105 Safari/537.36"
::1 - - [13/Aug/2020:13:06:09 +0000] "OPTIONS /dia/ HTTP/1.1" 204 0 "http://localhost:4200/apps/production/dia" "Mozilla/5.0 (Windows NT 10.0; Win64; x64) AppleWebKit/537.36 (KHTML, like Gecko) Chrome/84.0.4147.105 Safari/537.36"
::1 - - [13/Aug/2020:13:06:09 +0000] "POST /dia/ HTTP/1.1" 200 72 "http://localhost:4200/apps/production/dia" "Mozilla/5.0 (Windows NT 10.0; Win64; x64) AppleWebKit/537.36 (KHTML, like Gecko) Chrome/84.0.4147.105 Safari/537.36"
::1 - - [13/Aug/2020:13:06:29 +0000] "OPTIONS /dia/add HTTP/1.1" 204 0 "http://localhost:4200/apps/production/dia" "Mozilla/5.0 (Windows NT 10.0; Win64; x64) AppleWebKit/537.36 (KHTML, like Gecko) Chrome/84.0.4147.105 Safari/537.36"
::1 - - [13/Aug/2020:13:06:29 +0000] "POST /dia/add HTTP/1.1" 200 181 "http://localhost:4200/apps/production/dia" "Mozilla/5.0 (Windows NT 10.0; Win64; x64) AppleWebKit/537.36 (KHTML, like Gecko) Chrome/84.0.4147.105 Safari/537.36"
::1 - - [13/Aug/2020:13:06:29 +0000] "OPTIONS /dia/ HTTP/1.1" 204 0 "http://localhost:4200/apps/production/dia" "Mozilla/5.0 (Windows NT 10.0; Win64; x64) AppleWebKit/537.36 (KHTML, like Gecko) Chrome/84.0.4147.105 Safari/537.36"
::1 - - [13/Aug/2020:13:06:29 +0000] "POST /dia/ HTTP/1.1" 200 200 "http://localhost:4200/apps/production/dia" "Mozilla/5.0 (Windows NT 10.0; Win64; x64) AppleWebKit/537.36 (KHTML, like Gecko) Chrome/84.0.4147.105 Safari/537.36"
::1 - - [13/Aug/2020:13:06:31 +0000] "POST /dia/add HTTP/1.1" 200 181 "http://localhost:4200/apps/production/dia" "Mozilla/5.0 (Windows NT 10.0; Win64; x64) AppleWebKit/537.36 (KHTML, like Gecko) Chrome/84.0.4147.105 Safari/537.36"
::1 - - [13/Aug/2020:13:06:31 +0000] "POST /dia/ HTTP/1.1" 200 329 "http://localhost:4200/apps/production/dia" "Mozilla/5.0 (Windows NT 10.0; Win64; x64) AppleWebKit/537.36 (KHTML, like Gecko) Chrome/84.0.4147.105 Safari/537.36"
::1 - - [13/Aug/2020:13:06:33 +0000] "POST /dia/add HTTP/1.1" 200 181 "http://localhost:4200/apps/production/dia" "Mozilla/5.0 (Windows NT 10.0; Win64; x64) AppleWebKit/537.36 (KHTML, like Gecko) Chrome/84.0.4147.105 Safari/537.36"
::1 - - [13/Aug/2020:13:06:33 +0000] "POST /dia/ HTTP/1.1" 200 458 "http://localhost:4200/apps/production/dia" "Mozilla/5.0 (Windows NT 10.0; Win64; x64) AppleWebKit/537.36 (KHTML, like Gecko) Chrome/84.0.4147.105 Safari/537.36"
::1 - - [13/Aug/2020:13:06:41 +0000] "OPTIONS /color/ HTTP/1.1" 204 0 "http://localhost:4200/apps/production/dia" "Mozilla/5.0 (Windows NT 10.0; Win64; x64) AppleWebKit/537.36 (KHTML, like Gecko) Chrome/84.0.4147.105 Safari/537.36"
::1 - - [13/Aug/2020:13:06:41 +0000] "POST /color/ HTTP/1.1" 200 74 "http://localhost:4200/apps/production/dia" "Mozilla/5.0 (Windows NT 10.0; Win64; x64) AppleWebKit/537.36 (KHTML, like Gecko) Chrome/84.0.4147.105 Safari/537.36"
::1 - - [13/Aug/2020:13:06:44 +0000] "OPTIONS /color/add HTTP/1.1" 204 0 "http://localhost:4200/apps/production/colour" "Mozilla/5.0 (Windows NT 10.0; Win64; x64) AppleWebKit/537.36 (KHTML, like Gecko) Chrome/84.0.4147.105 Safari/537.36"
::1 - - [13/Aug/2020:13:06:44 +0000] "POST /color/add HTTP/1.1" 200 186 "http://localhost:4200/apps/production/colour" "Mozilla/5.0 (Windows NT 10.0; Win64; x64) AppleWebKit/537.36 (KHTML, like Gecko) Chrome/84.0.4147.105 Safari/537.36"
::1 - - [13/Aug/2020:13:06:44 +0000] "POST /color/ HTTP/1.1" 200 205 "http://localhost:4200/apps/production/colour" "Mozilla/5.0 (Windows NT 10.0; Win64; x64) AppleWebKit/537.36 (KHTML, like Gecko) Chrome/84.0.4147.105 Safari/537.36"
::1 - - [13/Aug/2020:13:06:45 +0000] "POST /color/add HTTP/1.1" 200 188 "http://localhost:4200/apps/production/colour" "Mozilla/5.0 (Windows NT 10.0; Win64; x64) AppleWebKit/537.36 (KHTML, like Gecko) Chrome/84.0.4147.105 Safari/537.36"
::1 - - [13/Aug/2020:13:06:45 +0000] "POST /color/ HTTP/1.1" 200 339 "http://localhost:4200/apps/production/colour" "Mozilla/5.0 (Windows NT 10.0; Win64; x64) AppleWebKit/537.36 (KHTML, like Gecko) Chrome/84.0.4147.105 Safari/537.36"
::1 - - [13/Aug/2020:13:06:47 +0000] "POST /color/add HTTP/1.1" 200 188 "http://localhost:4200/apps/production/colour" "Mozilla/5.0 (Windows NT 10.0; Win64; x64) AppleWebKit/537.36 (KHTML, like Gecko) Chrome/84.0.4147.105 Safari/537.36"
::1 - - [13/Aug/2020:13:06:47 +0000] "OPTIONS /color/ HTTP/1.1" 204 0 "http://localhost:4200/apps/production/colour" "Mozilla/5.0 (Windows NT 10.0; Win64; x64) AppleWebKit/537.36 (KHTML, like Gecko) Chrome/84.0.4147.105 Safari/537.36"
::1 - - [13/Aug/2020:13:06:47 +0000] "POST /color/ HTTP/1.1" 200 473 "http://localhost:4200/apps/production/colour" "Mozilla/5.0 (Windows NT 10.0; Win64; x64) AppleWebKit/537.36 (KHTML, like Gecko) Chrome/84.0.4147.105 Safari/537.36"
::1 - - [13/Aug/2020:13:06:54 +0000] "OPTIONS /fabric/ HTTP/1.1" 204 0 "http://localhost:4200/apps/production/colour" "Mozilla/5.0 (Windows NT 10.0; Win64; x64) AppleWebKit/537.36 (KHTML, like Gecko) Chrome/84.0.4147.105 Safari/537.36"
::1 - - [13/Aug/2020:13:06:54 +0000] "POST /fabric/ HTTP/1.1" 200 75 "http://localhost:4200/apps/production/colour" "Mozilla/5.0 (Windows NT 10.0; Win64; x64) AppleWebKit/537.36 (KHTML, like Gecko) Chrome/84.0.4147.105 Safari/537.36"
::1 - - [13/Aug/2020:13:06:57 +0000] "OPTIONS /fabric/add HTTP/1.1" 204 0 "http://localhost:4200/apps/production/fabric" "Mozilla/5.0 (Windows NT 10.0; Win64; x64) AppleWebKit/537.36 (KHTML, like Gecko) Chrome/84.0.4147.105 Safari/537.36"
::1 - - [13/Aug/2020:13:06:57 +0000] "POST /fabric/add HTTP/1.1" 200 190 "http://localhost:4200/apps/production/fabric" "Mozilla/5.0 (Windows NT 10.0; Win64; x64) AppleWebKit/537.36 (KHTML, like Gecko) Chrome/84.0.4147.105 Safari/537.36"
::1 - - [13/Aug/2020:13:06:57 +0000] "POST /fabric/ HTTP/1.1" 200 209 "http://localhost:4200/apps/production/fabric" "Mozilla/5.0 (Windows NT 10.0; Win64; x64) AppleWebKit/537.36 (KHTML, like Gecko) Chrome/84.0.4147.105 Safari/537.36"
::1 - - [13/Aug/2020:13:07:04 +0000] "OPTIONS /fabric/add HTTP/1.1" 204 0 "http://localhost:4200/apps/production/fabric" "Mozilla/5.0 (Windows NT 10.0; Win64; x64) AppleWebKit/537.36 (KHTML, like Gecko) Chrome/84.0.4147.105 Safari/537.36"
::1 - - [13/Aug/2020:13:07:04 +0000] "POST /fabric/add HTTP/1.1" 200 190 "http://localhost:4200/apps/production/fabric" "Mozilla/5.0 (Windows NT 10.0; Win64; x64) AppleWebKit/537.36 (KHTML, like Gecko) Chrome/84.0.4147.105 Safari/537.36"
::1 - - [13/Aug/2020:13:07:04 +0000] "OPTIONS /fabric/ HTTP/1.1" 204 0 "http://localhost:4200/apps/production/fabric" "Mozilla/5.0 (Windows NT 10.0; Win64; x64) AppleWebKit/537.36 (KHTML, like Gecko) Chrome/84.0.4147.105 Safari/537.36"
::1 - - [13/Aug/2020:13:07:04 +0000] "POST /fabric/ HTTP/1.1" 200 344 "http://localhost:4200/apps/production/fabric" "Mozilla/5.0 (Windows NT 10.0; Win64; x64) AppleWebKit/537.36 (KHTML, like Gecko) Chrome/84.0.4147.105 Safari/537.36"
::1 - - [13/Aug/2020:13:07:09 +0000] "POST /fabric/add HTTP/1.1" 200 190 "http://localhost:4200/apps/production/fabric" "Mozilla/5.0 (Windows NT 10.0; Win64; x64) AppleWebKit/537.36 (KHTML, like Gecko) Chrome/84.0.4147.105 Safari/537.36"
::1 - - [13/Aug/2020:13:07:09 +0000] "POST /fabric/ HTTP/1.1" 200 479 "http://localhost:4200/apps/production/fabric" "Mozilla/5.0 (Windows NT 10.0; Win64; x64) AppleWebKit/537.36 (KHTML, like Gecko) Chrome/84.0.4147.105 Safari/537.36"
